<?xml version="1.0" encoding="UTF-8"?>
<!-- Generated by org.testng.reporters.JUnitReportReporter -->
<testsuite hostname="DESKTOP-IAMN1KL" failures="0" tests="1" name="runner.CucumberRunnerTests" time="104.822" errors="0" timestamp="2025-07-23T20:01:47 IST" skipped="0">
  <testcase classname="runner.CucumberRunnerTests" name="runScenario" time="104.822"/>
  <system-out/>
</testsuite> <!-- runner.CucumberRunnerTests -->
